<?xml version="1.0" encoding="UTF-8"?>
<robot generator="Robot 7.2.2 (Python 3.13.3 on win32)" generated="2025-06-13T16:22:17.502681" rpa="false" schemaversion="5">
<suite id="s1" name="WoWChangeOfNextQuarter" source="d:\projects\QANSScript\QANS\TestSuites\Reports\WoWChangeOfNextQuarter.robot">
<test id="s1-t1" name="Verify WoW of Ships for the OEM East table" line="80">
<kw name="Depends On Test" owner="DependencyLibrary">
<msg time="2025-06-13T16:22:19.303656" level="WARN">Dependency not met: test case 'Verify Ships for the OEM East table' not found.</msg>
<arg>name=Verify Ships for the OEM East table</arg>
<status status="PASS" start="2025-06-13T16:22:19.303310" elapsed="0.003878"/>
</kw>
<kw name="Create List" owner="BuiltIn">
<msg time="2025-06-13T16:22:19.308336" level="INFO">@{tableError} = [ ]</msg>
<var>@{tableError}</var>
<doc>Returns a list containing given items.</doc>
<status status="PASS" start="2025-06-13T16:22:19.308011" elapsed="0.000486"/>
</kw>
<kw name="Set Variable" owner="BuiltIn">
<msg time="2025-06-13T16:22:19.309461" level="INFO">${result} = True</msg>
<var>${result}</var>
<arg>${True}</arg>
<doc>Returns the given values which can then be assigned to a variables.</doc>
<status status="PASS" start="2025-06-13T16:22:19.309144" elapsed="0.000443"/>
</kw>
<kw name="Get Start Row On WoW Change" owner="WoWChangePage">
<kw name="Set Variable" owner="BuiltIn">
<msg time="2025-06-13T16:22:19.311866" level="INFO">${startRow} = 0</msg>
<var>${startRow}</var>
<arg>0</arg>
<doc>Returns the given values which can then be assigned to a variables.</doc>
<status status="PASS" start="2025-06-13T16:22:19.311503" elapsed="0.001174"/>
</kw>
<kw name="Get Position Of Column On WoW Change" owner="WoWChangePage">
<kw name="Set Variable" owner="BuiltIn">
<msg time="2025-06-13T16:22:19.313861" level="INFO">${pos} = 0</msg>
<var>${pos}</var>
<arg>0</arg>
<doc>Returns the given values which can then be assigned to a variables.</doc>
<status status="PASS" start="2025-06-13T16:22:19.313630" elapsed="0.000370"/>
</kw>
<kw name="Set Variable" owner="BuiltIn">
<msg time="2025-06-13T16:22:19.314413" level="INFO">${rowIndexForSearchCol} = 0</msg>
<var>${rowIndexForSearchCol}</var>
<arg>0</arg>
<doc>Returns the given values which can then be assigned to a variables.</doc>
<status status="PASS" start="2025-06-13T16:22:19.314191" elapsed="0.000329"/>
</kw>
<kw name="Get Row Index For Search Col" owner="WoWChangePage">
<kw name="Set Variable" owner="BuiltIn">
<msg time="2025-06-13T16:22:19.315449" level="INFO">${rowIndexForSearchCol} = 0</msg>
<var>${rowIndexForSearchCol}</var>
<arg>0</arg>
<doc>Returns the given values which can then be assigned to a variables.</doc>
<status status="PASS" start="2025-06-13T16:22:19.315238" elapsed="0.000326"/>
</kw>
<kw name="File Should Exist" owner="OperatingSystem">
<msg time="2025-06-13T16:22:19.316236" level="INFO" html="true">File '&lt;a href="file://C:\RobotFramework\Output\Wow Change [Current Week].xlsx"&gt;C:\RobotFramework\Output\Wow Change [Current Week].xlsx&lt;/a&gt;' exists.</msg>
<arg>path=${WOW_CHANGE_FILE_PATH}</arg>
<doc>Fails unless the given ``path`` points to an existing file.</doc>
<status status="PASS" start="2025-06-13T16:22:19.315755" elapsed="0.000736"/>
</kw>
<kw name="Open Excel Document" owner="ExcelLibrary">
<arg>filename=${WOW_CHANGE_FILE_PATH}</arg>
<arg>doc_id=WoWChange</arg>
<doc>Opens xlsx document file.</doc>
<status status="PASS" start="2025-06-13T16:22:19.316705" elapsed="0.019830"/>
</kw>
<kw name="Get Number Of Rows In Excel" owner="CExcel">
<msg time="2025-06-13T16:22:19.351289" level="INFO">${numOfRows} = 22</msg>
<var>${numOfRows}</var>
<arg>filePath=${WOW_CHANGE_FILE_PATH}</arg>
<status status="PASS" start="2025-06-13T16:22:19.336853" elapsed="0.014666"/>
</kw>
<for flavor="IN RANGE">
<iter>
<kw name="Read Excel Cell" owner="ExcelLibrary">
<msg time="2025-06-13T16:22:19.353311" level="INFO">${oemGroupCol} = OEM East</msg>
<var>${oemGroupCol}</var>
<arg>row_num=${rowIndex}</arg>
<arg>col_num=1</arg>
<doc>Returns content of a cell.</doc>
<status status="PASS" start="2025-06-13T16:22:19.352811" elapsed="0.000669"/>
</kw>
<if>
<branch type="IF" condition="'${oemGroupCol}' == '${nameOftable}'">
<kw name="Set Variable" owner="BuiltIn">
<msg time="2025-06-13T16:22:19.354452" level="INFO">${rowIndexForSearchCol} = 1</msg>
<var>${rowIndexForSearchCol}</var>
<arg>${rowIndex}</arg>
<doc>Returns the given values which can then be assigned to a variables.</doc>
<status status="PASS" start="2025-06-13T16:22:19.354151" elapsed="0.000454"/>
</kw>
<break>
<status status="PASS" start="2025-06-13T16:22:19.354828" elapsed="0.000187"/>
</break>
<status status="PASS" start="2025-06-13T16:22:19.353715" elapsed="0.001510"/>
</branch>
<status status="PASS" start="2025-06-13T16:22:19.353668" elapsed="0.001782"/>
</if>
<var name="${rowIndex}">1</var>
<status status="PASS" start="2025-06-13T16:22:19.352343" elapsed="0.003168"/>
</iter>
<var>${rowIndex}</var>
<value>1</value>
<value>${numOfRows}+1</value>
<status status="PASS" start="2025-06-13T16:22:19.351775" elapsed="0.004066"/>
</for>
<kw name="Close Current Excel Document" owner="ExcelLibrary">
<doc>Closes current document.</doc>
<status status="PASS" start="2025-06-13T16:22:19.356250" elapsed="0.000285"/>
</kw>
<return>
<value>${rowIndexForSearchCol}</value>
<status status="PASS" start="2025-06-13T16:22:19.356690" elapsed="0.000190"/>
</return>
<msg time="2025-06-13T16:22:19.357222" level="INFO">${rowIndexForSearchCol} = 1</msg>
<var>${rowIndexForSearchCol}</var>
<arg>nameOftable=${nameOftable}</arg>
<status status="PASS" start="2025-06-13T16:22:19.314846" elapsed="0.042545"/>
</kw>
<kw name="Get Position Of Column" owner="CExcel">
<msg time="2025-06-13T16:22:19.389742" level="INFO">${pos} = 1</msg>
<var>${pos}</var>
<arg>filePath=${WOW_CHANGE_FILE_PATH}</arg>
<arg>rowIndex=${rowIndexForSearchCol}</arg>
<arg>searchStr=${nameOfCol}</arg>
<status status="PASS" start="2025-06-13T16:22:19.357702" elapsed="0.032251"/>
</kw>
<return>
<value>${pos}</value>
<status status="PASS" start="2025-06-13T16:22:19.390154" elapsed="0.000203"/>
</return>
<msg time="2025-06-13T16:22:19.390707" level="INFO">${posOfCol} = 1</msg>
<var>${posOfCol}</var>
<arg>nameOftable=${nameOftable}</arg>
<arg>nameOfCol=${nameOftable}</arg>
<status status="PASS" start="2025-06-13T16:22:19.313098" elapsed="0.077751"/>
</kw>
<kw name="File Should Exist" owner="OperatingSystem">
<msg time="2025-06-13T16:22:19.391689" level="INFO" html="true">File '&lt;a href="file://C:\RobotFramework\Output\Wow Change [Current Week].xlsx"&gt;C:\RobotFramework\Output\Wow Change [Current Week].xlsx&lt;/a&gt;' exists.</msg>
<arg>path=${WOW_CHANGE_FILE_PATH}</arg>
<doc>Fails unless the given ``path`` points to an existing file.</doc>
<status status="PASS" start="2025-06-13T16:22:19.391150" elapsed="0.000782"/>
</kw>
<kw name="Open Excel Document" owner="ExcelLibrary">
<arg>filename=${WOW_CHANGE_FILE_PATH}</arg>
<arg>doc_id=WoWChange</arg>
<doc>Opens xlsx document file.</doc>
<status status="PASS" start="2025-06-13T16:22:19.392209" elapsed="0.017639"/>
</kw>
<kw name="Get Number Of Rows In Excel" owner="CExcel">
<msg time="2025-06-13T16:22:19.445245" level="INFO">${numOfRows} = 22</msg>
<var>${numOfRows}</var>
<arg>filePath=${WOW_CHANGE_FILE_PATH}</arg>
<status status="PASS" start="2025-06-13T16:22:19.410286" elapsed="0.035262"/>
</kw>
<for flavor="IN RANGE">
<iter>
<kw name="Read Excel Cell" owner="ExcelLibrary">
<msg time="2025-06-13T16:22:19.460880" level="INFO">${oemGroupCol} = OEM East</msg>
<var>${oemGroupCol}</var>
<arg>row_num=${rowIndex}</arg>
<arg>col_num=${posOfCol}</arg>
<doc>Returns content of a cell.</doc>
<status status="PASS" start="2025-06-13T16:22:19.460279" elapsed="0.000807"/>
</kw>
<if>
<branch type="IF" condition="'${oemGroupCol}' == '${nameOftable}'">
<kw name="Evaluate" owner="BuiltIn">
<msg time="2025-06-13T16:22:19.462404" level="INFO">${startRow} = 2</msg>
<var>${startRow}</var>
<arg>${rowIndex}+1</arg>
<doc>Evaluates the given expression in Python and returns the result.</doc>
<status status="PASS" start="2025-06-13T16:22:19.461912" elapsed="0.000694"/>
</kw>
<break>
<status status="PASS" start="2025-06-13T16:22:19.463397" elapsed="0.000217"/>
</break>
<status status="PASS" start="2025-06-13T16:22:19.461377" elapsed="0.002425"/>
</branch>
<status status="PASS" start="2025-06-13T16:22:19.461332" elapsed="0.002681"/>
</if>
<var name="${rowIndex}">1</var>
<status status="PASS" start="2025-06-13T16:22:19.459888" elapsed="0.004226"/>
</iter>
<var>${rowIndex}</var>
<value>1</value>
<value>${numOfRows}+1</value>
<status status="PASS" start="2025-06-13T16:22:19.459245" elapsed="0.005136"/>
</for>
<kw name="Close Current Excel Document" owner="ExcelLibrary">
<doc>Closes current document.</doc>
<status status="PASS" start="2025-06-13T16:22:19.464880" elapsed="0.000461"/>
</kw>
<return>
<value>${startRow}</value>
<status status="PASS" start="2025-06-13T16:22:19.465661" elapsed="0.000304"/>
</return>
<msg time="2025-06-13T16:22:19.466381" level="INFO">${startRow} = 2</msg>
<var>${startRow}</var>
<arg>nameOftable=OEM East</arg>
<status status="PASS" start="2025-06-13T16:22:19.310599" elapsed="0.155986"/>
</kw>
<kw name="Get End Row On WoW Change" owner="WoWChangePage">
<kw name="Set Variable" owner="BuiltIn">
<msg time="2025-06-13T16:22:19.468878" level="INFO">${endRow} = 0</msg>
<var>${endRow}</var>
<arg>0</arg>
<doc>Returns the given values which can then be assigned to a variables.</doc>
<status status="PASS" start="2025-06-13T16:22:19.468564" elapsed="0.000473"/>
</kw>
<kw name="Set Variable" owner="BuiltIn">
<msg time="2025-06-13T16:22:19.469556" level="INFO">${count} = 0</msg>
<var>${count}</var>
<arg>0</arg>
<doc>Returns the given values which can then be assigned to a variables.</doc>
<status status="PASS" start="2025-06-13T16:22:19.469276" elapsed="0.000469"/>
</kw>
<kw name="Get Position Of Column On WoW Change" owner="WoWChangePage">
<kw name="Set Variable" owner="BuiltIn">
<msg time="2025-06-13T16:22:19.471219" level="INFO">${pos} = 0</msg>
<var>${pos}</var>
<arg>0</arg>
<doc>Returns the given values which can then be assigned to a variables.</doc>
<status status="PASS" start="2025-06-13T16:22:19.470901" elapsed="0.000500"/>
</kw>
<kw name="Set Variable" owner="BuiltIn">
<msg time="2025-06-13T16:22:19.472090" level="INFO">${rowIndexForSearchCol} = 0</msg>
<var>${rowIndexForSearchCol}</var>
<arg>0</arg>
<doc>Returns the given values which can then be assigned to a variables.</doc>
<status status="PASS" start="2025-06-13T16:22:19.471755" elapsed="0.000569"/>
</kw>
<kw name="Get Row Index For Search Col" owner="WoWChangePage">
<kw name="Set Variable" owner="BuiltIn">
<msg time="2025-06-13T16:22:19.474448" level="INFO">${rowIndexForSearchCol} = 0</msg>
<var>${rowIndexForSearchCol}</var>
<arg>0</arg>
<doc>Returns the given values which can then be assigned to a variables.</doc>
<status status="PASS" start="2025-06-13T16:22:19.474032" elapsed="0.000720"/>
</kw>
<kw name="File Should Exist" owner="OperatingSystem">
<msg time="2025-06-13T16:22:19.476277" level="INFO" html="true">File '&lt;a href="file://C:\RobotFramework\Output\Wow Change [Current Week].xlsx"&gt;C:\RobotFramework\Output\Wow Change [Current Week].xlsx&lt;/a&gt;' exists.</msg>
<arg>path=${WOW_CHANGE_FILE_PATH}</arg>
<doc>Fails unless the given ``path`` points to an existing file.</doc>
<status status="PASS" start="2025-06-13T16:22:19.475314" elapsed="0.001302"/>
</kw>
<kw name="Open Excel Document" owner="ExcelLibrary">
<arg>filename=${WOW_CHANGE_FILE_PATH}</arg>
<arg>doc_id=WoWChange</arg>
<doc>Opens xlsx document file.</doc>
<status status="PASS" start="2025-06-13T16:22:19.477104" elapsed="0.020319"/>
</kw>
<kw name="Get Number Of Rows In Excel" owner="CExcel">
<msg time="2025-06-13T16:22:19.520847" level="INFO">${numOfRows} = 22</msg>
<var>${numOfRows}</var>
<arg>filePath=${WOW_CHANGE_FILE_PATH}</arg>
<status status="PASS" start="2025-06-13T16:22:19.498320" elapsed="0.022706"/>
</kw>
<for flavor="IN RANGE">
<iter>
<kw name="Read Excel Cell" owner="ExcelLibrary">
<msg time="2025-06-13T16:22:19.522296" level="INFO">${oemGroupCol} = OEM East</msg>
<var>${oemGroupCol}</var>
<arg>row_num=${rowIndex}</arg>
<arg>col_num=1</arg>
<doc>Returns content of a cell.</doc>
<status status="PASS" start="2025-06-13T16:22:19.521900" elapsed="0.000700"/>
</kw>
<if>
<branch type="IF" condition="'${oemGroupCol}' == '${nameOftable}'">
<kw name="Set Variable" owner="BuiltIn">
<msg time="2025-06-13T16:22:19.524439" level="INFO">${rowIndexForSearchCol} = 1</msg>
<var>${rowIndexForSearchCol}</var>
<arg>${rowIndex}</arg>
<doc>Returns the given values which can then be assigned to a variables.</doc>
<status status="PASS" start="2025-06-13T16:22:19.524052" elapsed="0.000541"/>
</kw>
<break>
<status status="PASS" start="2025-06-13T16:22:19.524746" elapsed="0.000139"/>
</break>
<status status="PASS" start="2025-06-13T16:22:19.523361" elapsed="0.001685"/>
</branch>
<status status="PASS" start="2025-06-13T16:22:19.523287" elapsed="0.001950"/>
</if>
<var name="${rowIndex}">1</var>
<status status="PASS" start="2025-06-13T16:22:19.521636" elapsed="0.003651"/>
</iter>
<var>${rowIndex}</var>
<value>1</value>
<value>${numOfRows}+1</value>
<status status="PASS" start="2025-06-13T16:22:19.521187" elapsed="0.004215"/>
</for>
<kw name="Close Current Excel Document" owner="ExcelLibrary">
<doc>Closes current document.</doc>
<status status="PASS" start="2025-06-13T16:22:19.525651" elapsed="0.000191"/>
</kw>
<return>
<value>${rowIndexForSearchCol}</value>
<status status="PASS" start="2025-06-13T16:22:19.525958" elapsed="0.000101"/>
</return>
<msg time="2025-06-13T16:22:19.526269" level="INFO">${rowIndexForSearchCol} = 1</msg>
<var>${rowIndexForSearchCol}</var>
<arg>nameOftable=${nameOftable}</arg>
<status status="PASS" start="2025-06-13T16:22:19.473066" elapsed="0.053326"/>
</kw>
<kw name="Get Position Of Column" owner="CExcel">
<msg time="2025-06-13T16:22:19.553778" level="INFO">${pos} = 1</msg>
<var>${pos}</var>
<arg>filePath=${WOW_CHANGE_FILE_PATH}</arg>
<arg>rowIndex=${rowIndexForSearchCol}</arg>
<arg>searchStr=${nameOfCol}</arg>
<status status="PASS" start="2025-06-13T16:22:19.526583" elapsed="0.027375"/>
</kw>
<return>
<value>${pos}</value>
<status status="PASS" start="2025-06-13T16:22:19.554113" elapsed="0.000133"/>
</return>
<msg time="2025-06-13T16:22:19.554452" level="INFO">${posOfCol} = 1</msg>
<var>${posOfCol}</var>
<arg>nameOftable=${nameOftable}</arg>
<arg>nameOfCol=${nameOftable}</arg>
<status status="PASS" start="2025-06-13T16:22:19.470137" elapsed="0.084417"/>
</kw>
<kw name="File Should Exist" owner="OperatingSystem">
<msg time="2025-06-13T16:22:19.555412" level="INFO" html="true">File '&lt;a href="file://C:\RobotFramework\Output\Wow Change [Current Week].xlsx"&gt;C:\RobotFramework\Output\Wow Change [Current Week].xlsx&lt;/a&gt;' exists.</msg>
<arg>path=${WOW_CHANGE_FILE_PATH}</arg>
<doc>Fails unless the given ``path`` points to an existing file.</doc>
<status status="PASS" start="2025-06-13T16:22:19.554773" elapsed="0.000982"/>
</kw>
<kw name="Open Excel Document" owner="ExcelLibrary">
<arg>filename=${WOW_CHANGE_FILE_PATH}</arg>
<arg>doc_id=WoWChange</arg>
<doc>Opens xlsx document file.</doc>
<status status="PASS" start="2025-06-13T16:22:19.556582" elapsed="0.013948"/>
</kw>
<kw name="Get Number Of Rows In Excel" owner="CExcel">
<msg time="2025-06-13T16:22:19.580897" level="INFO">${numOfRows} = 22</msg>
<var>${numOfRows}</var>
<arg>filePath=${WOW_CHANGE_FILE_PATH}</arg>
<status status="PASS" start="2025-06-13T16:22:19.570890" elapsed="0.010185"/>
</kw>
<for flavor="IN RANGE">
<iter>
<kw name="Read Excel Cell" owner="ExcelLibrary">
<msg time="2025-06-13T16:22:19.582182" level="INFO">${oemGroupCol} = OEM East</msg>
<var>${oemGroupCol}</var>
<arg>row_num=${rowIndex}</arg>
<arg>col_num=${posOfCol}</arg>
<doc>Returns content of a cell.</doc>
<status status="PASS" start="2025-06-13T16:22:19.581869" elapsed="0.000419"/>
</kw>
<if>
<branch type="IF" condition="'${oemGroupCol}' == 'OTHERS'">
<kw name="Evaluate" owner="BuiltIn">
<var>${count}</var>
<arg>${count}+1</arg>
<doc>Evaluates the given expression in Python and returns the result.</doc>
<status status="NOT RUN" start="2025-06-13T16:22:19.582720" elapsed="0.000247"/>
</kw>
<if>
<branch type="IF" condition="'${nameOftable}' == 'OEM East'">
<if>
<branch type="IF" condition="'${count}' == '1'">
<kw name="Evaluate" owner="BuiltIn">
<var>${endRow}</var>
<arg>${rowIndex}-1</arg>
<doc>Evaluates the given expression in Python and returns the result.</doc>
<status status="NOT RUN" start="2025-06-13T16:22:19.583596" elapsed="0.000162"/>
</kw>
<break>
<status status="NOT RUN" start="2025-06-13T16:22:19.583919" elapsed="0.000097"/>
</break>
<status status="NOT RUN" start="2025-06-13T16:22:19.583263" elapsed="0.000865"/>
</branch>
<status status="NOT RUN" start="2025-06-13T16:22:19.583244" elapsed="0.001003"/>
</if>
<status status="NOT RUN" start="2025-06-13T16:22:19.583122" elapsed="0.001168"/>
</branch>
<branch type="ELSE IF" condition="'${nameOftable}' == 'OEM West + Channel'">
<if>
<branch type="IF" condition="'${count}' == '2'">
<kw name="Evaluate" owner="BuiltIn">
<var>${endRow}</var>
<arg>${rowIndex}-1</arg>
<doc>Evaluates the given expression in Python and returns the result.</doc>
<status status="NOT RUN" start="2025-06-13T16:22:19.584696" elapsed="0.000094"/>
</kw>
<break>
<status status="NOT RUN" start="2025-06-13T16:22:19.584905" elapsed="0.000076"/>
</break>
<status status="NOT RUN" start="2025-06-13T16:22:19.584522" elapsed="0.000543"/>
</branch>
<status status="NOT RUN" start="2025-06-13T16:22:19.584501" elapsed="0.000654"/>
</if>
<status status="NOT RUN" start="2025-06-13T16:22:19.584383" elapsed="0.000804"/>
</branch>
<status status="NOT RUN" start="2025-06-13T16:22:19.583099" elapsed="0.002171"/>
</if>
<status status="NOT RUN" start="2025-06-13T16:22:19.582448" elapsed="0.002851"/>
</branch>
<status status="PASS" start="2025-06-13T16:22:19.582423" elapsed="0.002959"/>
</if>
<var name="${rowIndex}">1</var>
<status status="PASS" start="2025-06-13T16:22:19.581646" elapsed="0.003765"/>
</iter>
<iter>
<kw name="Read Excel Cell" owner="ExcelLibrary">
<msg time="2025-06-13T16:22:19.586180" level="INFO">${oemGroupCol} = NVIDIA/MELLANOX</msg>
<var>${oemGroupCol}</var>
<arg>row_num=${rowIndex}</arg>
<arg>col_num=${posOfCol}</arg>
<doc>Returns content of a cell.</doc>
<status status="PASS" start="2025-06-13T16:22:19.585871" elapsed="0.000425"/>
</kw>
<if>
<branch type="IF" condition="'${oemGroupCol}' == 'OTHERS'">
<kw name="Evaluate" owner="BuiltIn">
<var>${count}</var>
<arg>${count}+1</arg>
<doc>Evaluates the given expression in Python and returns the result.</doc>
<status status="NOT RUN" start="2025-06-13T16:22:19.586697" elapsed="0.000096"/>
</kw>
<if>
<branch type="IF" condition="'${nameOftable}' == 'OEM East'">
<if>
<branch type="IF" condition="'${count}' == '1'">
<kw name="Evaluate" owner="BuiltIn">
<var>${endRow}</var>
<arg>${rowIndex}-1</arg>
<doc>Evaluates the given expression in Python and returns the result.</doc>
<status status="NOT RUN" start="2025-06-13T16:22:19.587214" elapsed="0.000097"/>
</kw>
<break>
<status status="NOT RUN" start="2025-06-13T16:22:19.587422" elapsed="0.000074"/>
</break>
<status status="NOT RUN" start="2025-06-13T16:22:19.587052" elapsed="0.000529"/>
</branch>
<status status="NOT RUN" start="2025-06-13T16:22:19.587033" elapsed="0.000636"/>
</if>
<status status="NOT RUN" start="2025-06-13T16:22:19.586932" elapsed="0.000768"/>
</branch>
<branch type="ELSE IF" condition="'${nameOftable}' == 'OEM West + Channel'">
<if>
<branch type="IF" condition="'${count}' == '2'">
<kw name="Evaluate" owner="BuiltIn">
<var>${endRow}</var>
<arg>${rowIndex}-1</arg>
<doc>Evaluates the given expression in Python and returns the result.</doc>
<status status="NOT RUN" start="2025-06-13T16:22:19.588071" elapsed="0.000092"/>
</kw>
<break>
<status status="NOT RUN" start="2025-06-13T16:22:19.588274" elapsed="0.000096"/>
</break>
<status status="NOT RUN" start="2025-06-13T16:22:19.587906" elapsed="0.000552"/>
</branch>
<status status="NOT RUN" start="2025-06-13T16:22:19.587887" elapsed="0.000659"/>
</if>
<status status="NOT RUN" start="2025-06-13T16:22:19.587782" elapsed="0.000797"/>
</branch>
<status status="NOT RUN" start="2025-06-13T16:22:19.586911" elapsed="0.001753"/>
</if>
<status status="NOT RUN" start="2025-06-13T16:22:19.586448" elapsed="0.002245"/>
</branch>
<status status="PASS" start="2025-06-13T16:22:19.586426" elapsed="0.002349"/>
</if>
<var name="${rowIndex}">2</var>
<status status="PASS" start="2025-06-13T16:22:19.585693" elapsed="0.003124"/>
</iter>
<iter>
<kw name="Read Excel Cell" owner="ExcelLibrary">
<msg time="2025-06-13T16:22:19.589707" level="INFO">${oemGroupCol} = NOKIA/ALCATEL LUCENT WORLDWIDE</msg>
<var>${oemGroupCol}</var>
<arg>row_num=${rowIndex}</arg>
<arg>col_num=${posOfCol}</arg>
<doc>Returns content of a cell.</doc>
<status status="PASS" start="2025-06-13T16:22:19.589349" elapsed="0.000495"/>
</kw>
<if>
<branch type="IF" condition="'${oemGroupCol}' == 'OTHERS'">
<kw name="Evaluate" owner="BuiltIn">
<var>${count}</var>
<arg>${count}+1</arg>
<doc>Evaluates the given expression in Python and returns the result.</doc>
<status status="NOT RUN" start="2025-06-13T16:22:19.590286" elapsed="0.000246"/>
</kw>
<if>
<branch type="IF" condition="'${nameOftable}' == 'OEM East'">
<if>
<branch type="IF" condition="'${count}' == '1'">
<kw name="Evaluate" owner="BuiltIn">
<var>${endRow}</var>
<arg>${rowIndex}-1</arg>
<doc>Evaluates the given expression in Python and returns the result.</doc>
<status status="NOT RUN" start="2025-06-13T16:22:19.591128" elapsed="0.000106"/>
</kw>
<break>
<status status="NOT RUN" start="2025-06-13T16:22:19.591377" elapsed="0.000082"/>
</break>
<status status="NOT RUN" start="2025-06-13T16:22:19.590902" elapsed="0.000658"/>
</branch>
<status status="NOT RUN" start="2025-06-13T16:22:19.590870" elapsed="0.000780"/>
</if>
<status status="NOT RUN" start="2025-06-13T16:22:19.590709" elapsed="0.000975"/>
</branch>
<branch type="ELSE IF" condition="'${nameOftable}' == 'OEM West + Channel'">
<if>
<branch type="IF" condition="'${count}' == '2'">
<kw name="Evaluate" owner="BuiltIn">
<var>${endRow}</var>
<arg>${rowIndex}-1</arg>
<doc>Evaluates the given expression in Python and returns the result.</doc>
<status status="NOT RUN" start="2025-06-13T16:22:19.592069" elapsed="0.000099"/>
</kw>
<break>
<status status="NOT RUN" start="2025-06-13T16:22:19.592281" elapsed="0.000078"/>
</break>
<status status="NOT RUN" start="2025-06-13T16:22:19.591896" elapsed="0.000552"/>
</branch>
<status status="NOT RUN" start="2025-06-13T16:22:19.591875" elapsed="0.000660"/>
</if>
<status status="NOT RUN" start="2025-06-13T16:22:19.591767" elapsed="0.000798"/>
</branch>
<status status="NOT RUN" start="2025-06-13T16:22:19.590684" elapsed="0.001963"/>
</if>
<status status="NOT RUN" start="2025-06-13T16:22:19.589997" elapsed="0.002679"/>
</branch>
<status status="PASS" start="2025-06-13T16:22:19.589972" elapsed="0.002785"/>
</if>
<var name="${rowIndex}">3</var>
<status status="PASS" start="2025-06-13T16:22:19.589128" elapsed="0.003659"/>
</iter>
<iter>
<kw name="Read Excel Cell" owner="ExcelLibrary">
<msg time="2025-06-13T16:22:19.593614" level="INFO">${oemGroupCol} = CURTISS WRIGHT GROUP</msg>
<var>${oemGroupCol}</var>
<arg>row_num=${rowIndex}</arg>
<arg>col_num=${posOfCol}</arg>
<doc>Returns content of a cell.</doc>
<status status="PASS" start="2025-06-13T16:22:19.593284" elapsed="0.000455"/>
</kw>
<if>
<branch type="IF" condition="'${oemGroupCol}' == 'OTHERS'">
<kw name="Evaluate" owner="BuiltIn">
<var>${count}</var>
<arg>${count}+1</arg>
<doc>Evaluates the given expression in Python and returns the result.</doc>
<status status="NOT RUN" start="2025-06-13T16:22:19.594151" elapsed="0.000096"/>
</kw>
<if>
<branch type="IF" condition="'${nameOftable}' == 'OEM East'">
<if>
<branch type="IF" condition="'${count}' == '1'">
<kw name="Evaluate" owner="BuiltIn">
<var>${endRow}</var>
<arg>${rowIndex}-1</arg>
<doc>Evaluates the given expression in Python and returns the result.</doc>
<status status="NOT RUN" start="2025-06-13T16:22:19.594675" elapsed="0.000544"/>
</kw>
<break>
<status status="NOT RUN" start="2025-06-13T16:22:19.595542" elapsed="0.000096"/>
</break>
<status status="NOT RUN" start="2025-06-13T16:22:19.594509" elapsed="0.001234"/>
</branch>
<status status="NOT RUN" start="2025-06-13T16:22:19.594486" elapsed="0.001365"/>
</if>
<status status="NOT RUN" start="2025-06-13T16:22:19.594381" elapsed="0.001510"/>
</branch>
<branch type="ELSE IF" condition="'${nameOftable}' == 'OEM West + Channel'">
<if>
<branch type="IF" condition="'${count}' == '2'">
<kw name="Evaluate" owner="BuiltIn">
<var>${endRow}</var>
<arg>${rowIndex}-1</arg>
<doc>Evaluates the given expression in Python and returns the result.</doc>
<status status="NOT RUN" start="2025-06-13T16:22:19.596335" elapsed="0.000109"/>
</kw>
<break>
<status status="NOT RUN" start="2025-06-13T16:22:19.596573" elapsed="0.000081"/>
</break>
<status status="NOT RUN" start="2025-06-13T16:22:19.596137" elapsed="0.000612"/>
</branch>
<status status="NOT RUN" start="2025-06-13T16:22:19.596107" elapsed="0.000741"/>
</if>
<status status="NOT RUN" start="2025-06-13T16:22:19.595988" elapsed="0.000894"/>
</branch>
<status status="NOT RUN" start="2025-06-13T16:22:19.594361" elapsed="0.002615"/>
</if>
<status status="NOT RUN" start="2025-06-13T16:22:19.593893" elapsed="0.003115"/>
</branch>
<status status="PASS" start="2025-06-13T16:22:19.593871" elapsed="0.003229"/>
</if>
<var name="${rowIndex}">4</var>
<status status="PASS" start="2025-06-13T16:22:19.593098" elapsed="0.004034"/>
</iter>
<iter>
<kw name="Read Excel Cell" owner="ExcelLibrary">
<msg time="2025-06-13T16:22:19.598037" level="INFO">${oemGroupCol} = ERICSSON WORLDWIDE</msg>
<var>${oemGroupCol}</var>
<arg>row_num=${rowIndex}</arg>
<arg>col_num=${posOfCol}</arg>
<doc>Returns content of a cell.</doc>
<status status="PASS" start="2025-06-13T16:22:19.597693" elapsed="0.000471"/>
</kw>
<if>
<branch type="IF" condition="'${oemGroupCol}' == 'OTHERS'">
<kw name="Evaluate" owner="BuiltIn">
<var>${count}</var>
<arg>${count}+1</arg>
<doc>Evaluates the given expression in Python and returns the result.</doc>
<status status="NOT RUN" start="2025-06-13T16:22:19.598604" elapsed="0.000103"/>
</kw>
<if>
<branch type="IF" condition="'${nameOftable}' == 'OEM East'">
<if>
<branch type="IF" condition="'${count}' == '1'">
<kw name="Evaluate" owner="BuiltIn">
<var>${endRow}</var>
<arg>${rowIndex}-1</arg>
<doc>Evaluates the given expression in Python and returns the result.</doc>
<status status="NOT RUN" start="2025-06-13T16:22:19.599167" elapsed="0.000101"/>
</kw>
<break>
<status status="NOT RUN" start="2025-06-13T16:22:19.599390" elapsed="0.000078"/>
</break>
<status status="NOT RUN" start="2025-06-13T16:22:19.598987" elapsed="0.000575"/>
</branch>
<status status="NOT RUN" start="2025-06-13T16:22:19.598966" elapsed="0.000698"/>
</if>
<status status="NOT RUN" start="2025-06-13T16:22:19.598855" elapsed="0.000842"/>
</branch>
<branch type="ELSE IF" condition="'${nameOftable}' == 'OEM West + Channel'">
<if>
<branch type="IF" condition="'${count}' == '2'">
<kw name="Evaluate" owner="BuiltIn">
<var>${endRow}</var>
<arg>${rowIndex}-1</arg>
<doc>Evaluates the given expression in Python and returns the result.</doc>
<status status="NOT RUN" start="2025-06-13T16:22:19.600102" elapsed="0.000102"/>
</kw>
<break>
<status status="NOT RUN" start="2025-06-13T16:22:19.600328" elapsed="0.000079"/>
</break>
<status status="NOT RUN" start="2025-06-13T16:22:19.599924" elapsed="0.000577"/>
</branch>
<status status="NOT RUN" start="2025-06-13T16:22:19.599903" elapsed="0.000693"/>
</if>
<status status="NOT RUN" start="2025-06-13T16:22:19.599789" elapsed="0.000840"/>
</branch>
<status status="NOT RUN" start="2025-06-13T16:22:19.598833" elapsed="0.001887"/>
</if>
<status status="NOT RUN" start="2025-06-13T16:22:19.598321" elapsed="0.002429"/>
</branch>
<status status="PASS" start="2025-06-13T16:22:19.598298" elapsed="0.002541"/>
</if>
<var name="${rowIndex}">5</var>
<status status="PASS" start="2025-06-13T16:22:19.597479" elapsed="0.003391"/>
</iter>
<iter>
<kw name="Read Excel Cell" owner="ExcelLibrary">
<msg time="2025-06-13T16:22:19.601644" level="INFO">${oemGroupCol} = JUNIPER NETWORKS</msg>
<var>${oemGroupCol}</var>
<arg>row_num=${rowIndex}</arg>
<arg>col_num=${posOfCol}</arg>
<doc>Returns content of a cell.</doc>
<status status="PASS" start="2025-06-13T16:22:19.601345" elapsed="0.000409"/>
</kw>
<if>
<branch type="IF" condition="'${oemGroupCol}' == 'OTHERS'">
<kw name="Evaluate" owner="BuiltIn">
<var>${count}</var>
<arg>${count}+1</arg>
<doc>Evaluates the given expression in Python and returns the result.</doc>
<status status="NOT RUN" start="2025-06-13T16:22:19.602147" elapsed="0.000095"/>
</kw>
<if>
<branch type="IF" condition="'${nameOftable}' == 'OEM East'">
<if>
<branch type="IF" condition="'${count}' == '1'">
<kw name="Evaluate" owner="BuiltIn">
<var>${endRow}</var>
<arg>${rowIndex}-1</arg>
<doc>Evaluates the given expression in Python and returns the result.</doc>
<status status="NOT RUN" start="2025-06-13T16:22:19.602671" elapsed="0.000095"/>
</kw>
<break>
<status status="NOT RUN" start="2025-06-13T16:22:19.602880" elapsed="0.000075"/>
</break>
<status status="NOT RUN" start="2025-06-13T16:22:19.602507" elapsed="0.000535"/>
</branch>
<status status="NOT RUN" start="2025-06-13T16:22:19.602487" elapsed="0.000641"/>
</if>
<status status="NOT RUN" start="2025-06-13T16:22:19.602380" elapsed="0.000779"/>
</branch>
<branch type="ELSE IF" condition="'${nameOftable}' == 'OEM West + Channel'">
<if>
<branch type="IF" condition="'${count}' == '2'">
<kw name="Evaluate" owner="BuiltIn">
<var>${endRow}</var>
<arg>${rowIndex}-1</arg>
<doc>Evaluates the given expression in Python and returns the result.</doc>
<status status="NOT RUN" start="2025-06-13T16:22:19.603532" elapsed="0.000092"/>
</kw>
<break>
<status status="NOT RUN" start="2025-06-13T16:22:19.603737" elapsed="0.000073"/>
</break>
<status status="NOT RUN" start="2025-06-13T16:22:19.603364" elapsed="0.000531"/>
</branch>
<status status="NOT RUN" start="2025-06-13T16:22:19.603344" elapsed="0.000637"/>
</if>
<status status="NOT RUN" start="2025-06-13T16:22:19.603239" elapsed="0.000772"/>
</branch>
<status status="NOT RUN" start="2025-06-13T16:22:19.602358" elapsed="0.001733"/>
</if>
<status status="NOT RUN" start="2025-06-13T16:22:19.601901" elapsed="0.002218"/>
</branch>
<status status="PASS" start="2025-06-13T16:22:19.601879" elapsed="0.002316"/>
</if>
<var name="${rowIndex}">6</var>
<status status="PASS" start="2025-06-13T16:22:19.601170" elapsed="0.003054"/>
</iter>
<iter>
<kw name="Read Excel Cell" owner="ExcelLibrary">
<msg time="2025-06-13T16:22:19.604964" level="INFO">${oemGroupCol} = OTHERS</msg>
<var>${oemGroupCol}</var>
<arg>row_num=${rowIndex}</arg>
<arg>col_num=${posOfCol}</arg>
<doc>Returns content of a cell.</doc>
<status status="PASS" start="2025-06-13T16:22:19.604667" elapsed="0.000435"/>
</kw>
<if>
<branch type="IF" condition="'${oemGroupCol}' == 'OTHERS'">
<kw name="Evaluate" owner="BuiltIn">
<msg time="2025-06-13T16:22:19.606622" level="INFO">${count} = 1</msg>
<var>${count}</var>
<arg>${count}+1</arg>
<doc>Evaluates the given expression in Python and returns the result.</doc>
<status status="PASS" start="2025-06-13T16:22:19.605795" elapsed="0.001106"/>
</kw>
<if>
<branch type="IF" condition="'${nameOftable}' == 'OEM East'">
<if>
<branch type="IF" condition="'${count}' == '1'">
<kw name="Evaluate" owner="BuiltIn">
<msg time="2025-06-13T16:22:19.608029" level="INFO">${endRow} = 6</msg>
<var>${endRow}</var>
<arg>${rowIndex}-1</arg>
<doc>Evaluates the given expression in Python and returns the result.</doc>
<status status="PASS" start="2025-06-13T16:22:19.607731" elapsed="0.000417"/>
</kw>
<break>
<status status="PASS" start="2025-06-13T16:22:19.608272" elapsed="0.000097"/>
</break>
<status status="PASS" start="2025-06-13T16:22:19.607450" elapsed="0.001023"/>
</branch>
<status status="PASS" start="2025-06-13T16:22:19.607429" elapsed="0.001231"/>
</if>
<status status="PASS" start="2025-06-13T16:22:19.607216" elapsed="0.001487"/>
</branch>
<branch type="ELSE IF" condition="'${nameOftable}' == 'OEM West + Channel'">
<if>
<branch type="IF" condition="'${count}' == '2'">
<kw name="Evaluate" owner="BuiltIn">
<var>${endRow}</var>
<arg>${rowIndex}-1</arg>
<doc>Evaluates the given expression in Python and returns the result.</doc>
<status status="NOT RUN" start="2025-06-13T16:22:19.609138" elapsed="0.000102"/>
</kw>
<break>
<status status="NOT RUN" start="2025-06-13T16:22:19.609362" elapsed="0.000081"/>
</break>
<status status="NOT RUN" start="2025-06-13T16:22:19.608937" elapsed="0.000594"/>
</branch>
<status status="NOT RUN" start="2025-06-13T16:22:19.608915" elapsed="0.000703"/>
</if>
<status status="NOT RUN" start="2025-06-13T16:22:19.608799" elapsed="0.000854"/>
</branch>
<status status="PASS" start="2025-06-13T16:22:19.607184" elapsed="0.002556"/>
</if>
<status status="PASS" start="2025-06-13T16:22:19.605251" elapsed="0.004523"/>
</branch>
<status status="PASS" start="2025-06-13T16:22:19.605227" elapsed="0.004633"/>
</if>
<var name="${rowIndex}">7</var>
<status status="PASS" start="2025-06-13T16:22:19.604492" elapsed="0.005400"/>
</iter>
<var>${rowIndex}</var>
<value>1</value>
<value>${numOfRows}+1</value>
<status status="PASS" start="2025-06-13T16:22:19.581222" elapsed="0.028776"/>
</for>
<kw name="Close Current Excel Document" owner="ExcelLibrary">
<doc>Closes current document.</doc>
<status status="PASS" start="2025-06-13T16:22:19.610217" elapsed="0.000184"/>
</kw>
<return>
<value>${endRow}</value>
<status status="PASS" start="2025-06-13T16:22:19.610512" elapsed="0.000099"/>
</return>
<msg time="2025-06-13T16:22:19.610810" level="INFO">${endRow} = 6</msg>
<var>${endRow}</var>
<arg>nameOftable=OEM East</arg>
<status status="PASS" start="2025-06-13T16:22:19.467886" elapsed="0.143030"/>
</kw>
<kw name="File Should Exist" owner="OperatingSystem">
<msg time="2025-06-13T16:22:19.612048" level="INFO" html="true">File '&lt;a href="file://C:\RobotFramework\Output\Wow Change [Current Week].xlsx"&gt;C:\RobotFramework\Output\Wow Change [Current Week].xlsx&lt;/a&gt;' exists.</msg>
<arg>path=${WOW_CHANGE_FILE_PATH}</arg>
<doc>Fails unless the given ``path`` points to an existing file.</doc>
<status status="PASS" start="2025-06-13T16:22:19.611473" elapsed="0.000818"/>
</kw>
<kw name="Open Excel Document" owner="ExcelLibrary">
<arg>filename=${WOW_CHANGE_FILE_PATH}</arg>
<arg>doc_id=WoWChange</arg>
<doc>Opens xlsx document file.</doc>
<status status="PASS" start="2025-06-13T16:22:19.612825" elapsed="0.022121"/>
</kw>
<for flavor="IN RANGE">
<iter>
<kw name="Read Excel Cell" owner="ExcelLibrary">
<msg time="2025-06-13T16:22:19.639601" level="INFO">${oemGroupColOnWoWChange} = NVIDIA/MELLANOX</msg>
<var>${oemGroupColOnWoWChange}</var>
<arg>row_num=${rowIndex}</arg>
<arg>col_num=${POS_OEM_GROUP_COL_ON_WOW_CHANGE}</arg>
<doc>Returns content of a cell.</doc>
<status status="PASS" start="2025-06-13T16:22:19.638814" elapsed="0.001086"/>
</kw>
<kw name="Read Excel Cell" owner="ExcelLibrary">
<msg time="2025-06-13T16:22:19.641079" level="INFO">${valueColOnWoWChange} = </msg>
<var>${valueColOnWoWChange}</var>
<arg>row_num=${rowIndex}</arg>
<arg>col_num=7</arg>
<doc>Returns content of a cell.</doc>
<status status="PASS" start="2025-06-13T16:22:19.640393" elapsed="0.000912"/>
</kw>
<if>
<branch type="IF" condition="'${valueColOnWoWChange}' != '${EMPTY}'">
<kw name="Set Variable" owner="BuiltIn">
<var>${result}</var>
<arg>${False}</arg>
<doc>Returns the given values which can then be assigned to a variables.</doc>
<status status="NOT RUN" start="2025-06-13T16:22:19.643479" elapsed="0.000183"/>
</kw>
<kw name="Create List" owner="BuiltIn">
<var>@{rowOnTableError}</var>
<doc>Returns a list containing given items.</doc>
<status status="NOT RUN" start="2025-06-13T16:22:19.644044" elapsed="0.000164"/>
</kw>
<kw name="Append To List" owner="Collections">
<arg>${rowOnTableError}</arg>
<arg>OEM East</arg>
<doc>Adds ``values`` to the end of ``list``.</doc>
<status status="NOT RUN" start="2025-06-13T16:22:19.644560" elapsed="0.000208"/>
</kw>
<kw name="Append To List" owner="Collections">
<arg>${rowOnTableError}</arg>
<arg>WoW Of Ships</arg>
<doc>Adds ``values`` to the end of ``list``.</doc>
<status status="NOT RUN" start="2025-06-13T16:22:19.645120" elapsed="0.000181"/>
</kw>
<kw name="Append To List" owner="Collections">
<arg>${rowOnTableError}</arg>
<arg>${oemGroupColOnWoWChange}</arg>
<doc>Adds ``values`` to the end of ``list``.</doc>
<status status="NOT RUN" start="2025-06-13T16:22:19.645648" elapsed="0.000173"/>
</kw>
<kw name="Append To List" owner="Collections">
<arg>${rowOnTableError}</arg>
<arg>${valueColOnWoWChange}</arg>
<doc>Adds ``values`` to the end of ``list``.</doc>
<status status="NOT RUN" start="2025-06-13T16:22:19.646218" elapsed="0.000174"/>
</kw>
<kw name="Append To List" owner="Collections">
<arg>${rowOnTableError}</arg>
<arg>${EMPTY}</arg>
<doc>Adds ``values`` to the end of ``list``.</doc>
<status status="NOT RUN" start="2025-06-13T16:22:19.646724" elapsed="0.000169"/>
</kw>
<kw name="Append To List" owner="Collections">
<arg>${tableError}</arg>
<arg>${rowOnTableError}</arg>
<doc>Adds ``values`` to the end of ``list``.</doc>
<status status="NOT RUN" start="2025-06-13T16:22:19.647216" elapsed="0.000163"/>
</kw>
<status status="NOT RUN" start="2025-06-13T16:22:19.641600" elapsed="0.005964"/>
</branch>
<status status="PASS" start="2025-06-13T16:22:19.641547" elapsed="0.006197"/>
</if>
<var name="${rowIndex}">2</var>
<status status="PASS" start="2025-06-13T16:22:19.638352" elapsed="0.009455"/>
</iter>
<iter>
<kw name="Read Excel Cell" owner="ExcelLibrary">
<msg time="2025-06-13T16:22:19.649233" level="INFO">${oemGroupColOnWoWChange} = NOKIA/ALCATEL LUCENT WORLDWIDE</msg>
<var>${oemGroupColOnWoWChange}</var>
<arg>row_num=${rowIndex}</arg>
<arg>col_num=${POS_OEM_GROUP_COL_ON_WOW_CHANGE}</arg>
<doc>Returns content of a cell.</doc>
<status status="PASS" start="2025-06-13T16:22:19.648600" elapsed="0.000844"/>
</kw>
<kw name="Read Excel Cell" owner="ExcelLibrary">
<msg time="2025-06-13T16:22:19.651044" level="INFO">${valueColOnWoWChange} = </msg>
<var>${valueColOnWoWChange}</var>
<arg>row_num=${rowIndex}</arg>
<arg>col_num=7</arg>
<doc>Returns content of a cell.</doc>
<status status="PASS" start="2025-06-13T16:22:19.649815" elapsed="0.001567"/>
</kw>
<if>
<branch type="IF" condition="'${valueColOnWoWChange}' != '${EMPTY}'">
<kw name="Set Variable" owner="BuiltIn">
<var>${result}</var>
<arg>${False}</arg>
<doc>Returns the given values which can then be assigned to a variables.</doc>
<status status="NOT RUN" start="2025-06-13T16:22:19.662753" elapsed="0.000173"/>
</kw>
<kw name="Create List" owner="BuiltIn">
<var>@{rowOnTableError}</var>
<doc>Returns a list containing given items.</doc>
<status status="NOT RUN" start="2025-06-13T16:22:19.663218" elapsed="0.000112"/>
</kw>
<kw name="Append To List" owner="Collections">
<arg>${rowOnTableError}</arg>
<arg>OEM East</arg>
<doc>Adds ``values`` to the end of ``list``.</doc>
<status status="NOT RUN" start="2025-06-13T16:22:19.663525" elapsed="0.000098"/>
</kw>
<kw name="Append To List" owner="Collections">
<arg>${rowOnTableError}</arg>
<arg>WoW Of Ships</arg>
<doc>Adds ``values`` to the end of ``list``.</doc>
<status status="NOT RUN" start="2025-06-13T16:22:19.664113" elapsed="0.000196"/>
</kw>
<kw name="Append To List" owner="Collections">
<arg>${rowOnTableError}</arg>
<arg>${oemGroupColOnWoWChange}</arg>
<doc>Adds ``values`` to the end of ``list``.</doc>
<status status="NOT RUN" start="2025-06-13T16:22:19.664584" elapsed="0.000126"/>
</kw>
<kw name="Append To List" owner="Collections">
<arg>${rowOnTableError}</arg>
<arg>${valueColOnWoWChange}</arg>
<doc>Adds ``values`` to the end of ``list``.</doc>
<status status="NOT RUN" start="2025-06-13T16:22:19.665018" elapsed="0.000144"/>
</kw>
<kw name="Append To List" owner="Collections">
<arg>${rowOnTableError}</arg>
<arg>${EMPTY}</arg>
<doc>Adds ``values`` to the end of ``list``.</doc>
<status status="NOT RUN" start="2025-06-13T16:22:19.665442" elapsed="0.000811"/>
</kw>
<kw name="Append To List" owner="Collections">
<arg>${tableError}</arg>
<arg>${rowOnTableError}</arg>
<doc>Adds ``values`` to the end of ``list``.</doc>
<status status="NOT RUN" start="2025-06-13T16:22:19.667034" elapsed="0.000176"/>
</kw>
<status status="NOT RUN" start="2025-06-13T16:22:19.651766" elapsed="0.015567"/>
</branch>
<status status="PASS" start="2025-06-13T16:22:19.651689" elapsed="0.015755"/>
</if>
<var name="${rowIndex}">3</var>
<status status="PASS" start="2025-06-13T16:22:19.648269" elapsed="0.019211"/>
</iter>
<iter>
<kw name="Read Excel Cell" owner="ExcelLibrary">
<msg time="2025-06-13T16:22:19.668437" level="INFO">${oemGroupColOnWoWChange} = CURTISS WRIGHT GROUP</msg>
<var>${oemGroupColOnWoWChange}</var>
<arg>row_num=${rowIndex}</arg>
<arg>col_num=${POS_OEM_GROUP_COL_ON_WOW_CHANGE}</arg>
<doc>Returns content of a cell.</doc>
<status status="PASS" start="2025-06-13T16:22:19.668039" elapsed="0.000525"/>
</kw>
<kw name="Read Excel Cell" owner="ExcelLibrary">
<msg time="2025-06-13T16:22:19.669054" level="INFO">${valueColOnWoWChange} = </msg>
<var>${valueColOnWoWChange}</var>
<arg>row_num=${rowIndex}</arg>
<arg>col_num=7</arg>
<doc>Returns content of a cell.</doc>
<status status="PASS" start="2025-06-13T16:22:19.668766" elapsed="0.000399"/>
</kw>
<if>
<branch type="IF" condition="'${valueColOnWoWChange}' != '${EMPTY}'">
<kw name="Set Variable" owner="BuiltIn">
<var>${result}</var>
<arg>${False}</arg>
<doc>Returns the given values which can then be assigned to a variables.</doc>
<status status="NOT RUN" start="2025-06-13T16:22:19.670331" elapsed="0.000104"/>
</kw>
<kw name="Create List" owner="BuiltIn">
<var>@{rowOnTableError}</var>
<doc>Returns a list containing given items.</doc>
<status status="NOT RUN" start="2025-06-13T16:22:19.670637" elapsed="0.000092"/>
</kw>
<kw name="Append To List" owner="Collections">
<arg>${rowOnTableError}</arg>
<arg>OEM East</arg>
<doc>Adds ``values`` to the end of ``list``.</doc>
<status status="NOT RUN" start="2025-06-13T16:22:19.670935" elapsed="0.000099"/>
</kw>
<kw name="Append To List" owner="Collections">
<arg>${rowOnTableError}</arg>
<arg>WoW Of Ships</arg>
<doc>Adds ``values`` to the end of ``list``.</doc>
<status status="NOT RUN" start="2025-06-13T16:22:19.671209" elapsed="0.000095"/>
</kw>
<kw name="Append To List" owner="Collections">
<arg>${rowOnTableError}</arg>
<arg>${oemGroupColOnWoWChange}</arg>
<doc>Adds ``values`` to the end of ``list``.</doc>
<status status="NOT RUN" start="2025-06-13T16:22:19.671476" elapsed="0.000093"/>
</kw>
<kw name="Append To List" owner="Collections">
<arg>${rowOnTableError}</arg>
<arg>${valueColOnWoWChange}</arg>
<doc>Adds ``values`` to the end of ``list``.</doc>
<status status="NOT RUN" start="2025-06-13T16:22:19.671953" elapsed="0.000178"/>
</kw>
<kw name="Append To List" owner="Collections">
<arg>${rowOnTableError}</arg>
<arg>${EMPTY}</arg>
<doc>Adds ``values`` to the end of ``list``.</doc>
<status status="NOT RUN" start="2025-06-13T16:22:19.672462" elapsed="0.000187"/>
</kw>
<kw name="Append To List" owner="Collections">
<arg>${tableError}</arg>
<arg>${rowOnTableError}</arg>
<doc>Adds ``values`` to the end of ``list``.</doc>
<status status="NOT RUN" start="2025-06-13T16:22:19.673217" elapsed="0.000204"/>
</kw>
<status status="NOT RUN" start="2025-06-13T16:22:19.669322" elapsed="0.004283"/>
</branch>
<status status="PASS" start="2025-06-13T16:22:19.669295" elapsed="0.004482"/>
</if>
<var name="${rowIndex}">4</var>
<status status="PASS" start="2025-06-13T16:22:19.667788" elapsed="0.006051"/>
</iter>
<iter>
<kw name="Read Excel Cell" owner="ExcelLibrary">
<msg time="2025-06-13T16:22:19.675631" level="INFO">${oemGroupColOnWoWChange} = ERICSSON WORLDWIDE</msg>
<var>${oemGroupColOnWoWChange}</var>
<arg>row_num=${rowIndex}</arg>
<arg>col_num=${POS_OEM_GROUP_COL_ON_WOW_CHANGE}</arg>
<doc>Returns content of a cell.</doc>
<status status="PASS" start="2025-06-13T16:22:19.674744" elapsed="0.001161"/>
</kw>
<kw name="Read Excel Cell" owner="ExcelLibrary">
<msg time="2025-06-13T16:22:19.676940" level="INFO">${valueColOnWoWChange} = </msg>
<var>${valueColOnWoWChange}</var>
<arg>row_num=${rowIndex}</arg>
<arg>col_num=7</arg>
<doc>Returns content of a cell.</doc>
<status status="PASS" start="2025-06-13T16:22:19.676350" elapsed="0.000796"/>
</kw>
<if>
<branch type="IF" condition="'${valueColOnWoWChange}' != '${EMPTY}'">
<kw name="Set Variable" owner="BuiltIn">
<var>${result}</var>
<arg>${False}</arg>
<doc>Returns the given values which can then be assigned to a variables.</doc>
<status status="NOT RUN" start="2025-06-13T16:22:19.680278" elapsed="0.000247"/>
</kw>
<kw name="Create List" owner="BuiltIn">
<var>@{rowOnTableError}</var>
<doc>Returns a list containing given items.</doc>
<status status="NOT RUN" start="2025-06-13T16:22:19.680987" elapsed="0.000160"/>
</kw>
<kw name="Append To List" owner="Collections">
<arg>${rowOnTableError}</arg>
<arg>OEM East</arg>
<doc>Adds ``values`` to the end of ``list``.</doc>
<status status="NOT RUN" start="2025-06-13T16:22:19.681521" elapsed="0.000170"/>
</kw>
<kw name="Append To List" owner="Collections">
<arg>${rowOnTableError}</arg>
<arg>WoW Of Ships</arg>
<doc>Adds ``values`` to the end of ``list``.</doc>
<status status="NOT RUN" start="2025-06-13T16:22:19.682043" elapsed="0.000168"/>
</kw>
<kw name="Append To List" owner="Collections">
<arg>${rowOnTableError}</arg>
<arg>${oemGroupColOnWoWChange}</arg>
<doc>Adds ``values`` to the end of ``list``.</doc>
<status status="NOT RUN" start="2025-06-13T16:22:19.682541" elapsed="0.000157"/>
</kw>
<kw name="Append To List" owner="Collections">
<arg>${rowOnTableError}</arg>
<arg>${valueColOnWoWChange}</arg>
<doc>Adds ``values`` to the end of ``list``.</doc>
<status status="NOT RUN" start="2025-06-13T16:22:19.683038" elapsed="0.000158"/>
</kw>
<kw name="Append To List" owner="Collections">
<arg>${rowOnTableError}</arg>
<arg>${EMPTY}</arg>
<doc>Adds ``values`` to the end of ``list``.</doc>
<status status="NOT RUN" start="2025-06-13T16:22:19.683522" elapsed="0.000111"/>
</kw>
<kw name="Append To List" owner="Collections">
<arg>${tableError}</arg>
<arg>${rowOnTableError}</arg>
<doc>Adds ``values`` to the end of ``list``.</doc>
<status status="NOT RUN" start="2025-06-13T16:22:19.683820" elapsed="0.000110"/>
</kw>
<status status="NOT RUN" start="2025-06-13T16:22:19.677425" elapsed="0.006619"/>
</branch>
<status status="PASS" start="2025-06-13T16:22:19.677374" elapsed="0.006828"/>
</if>
<var name="${rowIndex}">5</var>
<status status="PASS" start="2025-06-13T16:22:19.674328" elapsed="0.009952"/>
</iter>
<iter>
<kw name="Read Excel Cell" owner="ExcelLibrary">
<msg time="2025-06-13T16:22:19.685565" level="INFO">${oemGroupColOnWoWChange} = JUNIPER NETWORKS</msg>
<var>${oemGroupColOnWoWChange}</var>
<arg>row_num=${rowIndex}</arg>
<arg>col_num=${POS_OEM_GROUP_COL_ON_WOW_CHANGE}</arg>
<doc>Returns content of a cell.</doc>
<status status="PASS" start="2025-06-13T16:22:19.684818" elapsed="0.000922"/>
</kw>
<kw name="Read Excel Cell" owner="ExcelLibrary">
<msg time="2025-06-13T16:22:19.686430" level="INFO">${valueColOnWoWChange} = </msg>
<var>${valueColOnWoWChange}</var>
<arg>row_num=${rowIndex}</arg>
<arg>col_num=7</arg>
<doc>Returns content of a cell.</doc>
<status status="PASS" start="2025-06-13T16:22:19.686027" elapsed="0.000568"/>
</kw>
<if>
<branch type="IF" condition="'${valueColOnWoWChange}' != '${EMPTY}'">
<kw name="Set Variable" owner="BuiltIn">
<var>${result}</var>
<arg>${False}</arg>
<doc>Returns the given values which can then be assigned to a variables.</doc>
<status status="NOT RUN" start="2025-06-13T16:22:19.688264" elapsed="0.000249"/>
</kw>
<kw name="Create List" owner="BuiltIn">
<var>@{rowOnTableError}</var>
<doc>Returns a list containing given items.</doc>
<status status="NOT RUN" start="2025-06-13T16:22:19.688874" elapsed="0.000122"/>
</kw>
<kw name="Append To List" owner="Collections">
<arg>${rowOnTableError}</arg>
<arg>OEM East</arg>
<doc>Adds ``values`` to the end of ``list``.</doc>
<status status="NOT RUN" start="2025-06-13T16:22:19.689794" elapsed="0.000509"/>
</kw>
<kw name="Append To List" owner="Collections">
<arg>${rowOnTableError}</arg>
<arg>WoW Of Ships</arg>
<doc>Adds ``values`` to the end of ``list``.</doc>
<status status="NOT RUN" start="2025-06-13T16:22:19.690656" elapsed="0.000148"/>
</kw>
<kw name="Append To List" owner="Collections">
<arg>${rowOnTableError}</arg>
<arg>${oemGroupColOnWoWChange}</arg>
<doc>Adds ``values`` to the end of ``list``.</doc>
<status status="NOT RUN" start="2025-06-13T16:22:19.691188" elapsed="0.000173"/>
</kw>
<kw name="Append To List" owner="Collections">
<arg>${rowOnTableError}</arg>
<arg>${valueColOnWoWChange}</arg>
<doc>Adds ``values`` to the end of ``list``.</doc>
<status status="NOT RUN" start="2025-06-13T16:22:19.691566" elapsed="0.000104"/>
</kw>
<kw name="Append To List" owner="Collections">
<arg>${rowOnTableError}</arg>
<arg>${EMPTY}</arg>
<doc>Adds ``values`` to the end of ``list``.</doc>
<status status="NOT RUN" start="2025-06-13T16:22:19.691893" elapsed="0.000097"/>
</kw>
<kw name="Append To List" owner="Collections">
<arg>${tableError}</arg>
<arg>${rowOnTableError}</arg>
<doc>Adds ``values`` to the end of ``list``.</doc>
<status status="NOT RUN" start="2025-06-13T16:22:19.692174" elapsed="0.000096"/>
</kw>
<status status="NOT RUN" start="2025-06-13T16:22:19.686907" elapsed="0.005476"/>
</branch>
<status status="PASS" start="2025-06-13T16:22:19.686825" elapsed="0.005671"/>
</if>
<var name="${rowIndex}">6</var>
<status status="PASS" start="2025-06-13T16:22:19.684585" elapsed="0.007965"/>
</iter>
<iter>
<kw name="Read Excel Cell" owner="ExcelLibrary">
<msg time="2025-06-13T16:22:19.693628" level="INFO">${oemGroupColOnWoWChange} = OTHERS</msg>
<var>${oemGroupColOnWoWChange}</var>
<arg>row_num=${rowIndex}</arg>
<arg>col_num=${POS_OEM_GROUP_COL_ON_WOW_CHANGE}</arg>
<doc>Returns content of a cell.</doc>
<status status="PASS" start="2025-06-13T16:22:19.693163" elapsed="0.000598"/>
</kw>
<kw name="Read Excel Cell" owner="ExcelLibrary">
<msg time="2025-06-13T16:22:19.694285" level="INFO">${valueColOnWoWChange} = </msg>
<var>${valueColOnWoWChange}</var>
<arg>row_num=${rowIndex}</arg>
<arg>col_num=7</arg>
<doc>Returns content of a cell.</doc>
<status status="PASS" start="2025-06-13T16:22:19.693993" elapsed="0.000396"/>
</kw>
<if>
<branch type="IF" condition="'${valueColOnWoWChange}' != '${EMPTY}'">
<kw name="Set Variable" owner="BuiltIn">
<var>${result}</var>
<arg>${False}</arg>
<doc>Returns the given values which can then be assigned to a variables.</doc>
<status status="NOT RUN" start="2025-06-13T16:22:19.695344" elapsed="0.000101"/>
</kw>
<kw name="Create List" owner="BuiltIn">
<var>@{rowOnTableError}</var>
<doc>Returns a list containing given items.</doc>
<status status="NOT RUN" start="2025-06-13T16:22:19.695627" elapsed="0.000095"/>
</kw>
<kw name="Append To List" owner="Collections">
<arg>${rowOnTableError}</arg>
<arg>OEM East</arg>
<doc>Adds ``values`` to the end of ``list``.</doc>
<status status="NOT RUN" start="2025-06-13T16:22:19.695895" elapsed="0.000094"/>
</kw>
<kw name="Append To List" owner="Collections">
<arg>${rowOnTableError}</arg>
<arg>WoW Of Ships</arg>
<doc>Adds ``values`` to the end of ``list``.</doc>
<status status="NOT RUN" start="2025-06-13T16:22:19.696207" elapsed="0.000095"/>
</kw>
<kw name="Append To List" owner="Collections">
<arg>${rowOnTableError}</arg>
<arg>${oemGroupColOnWoWChange}</arg>
<doc>Adds ``values`` to the end of ``list``.</doc>
<status status="NOT RUN" start="2025-06-13T16:22:19.696476" elapsed="0.000091"/>
</kw>
<kw name="Append To List" owner="Collections">
<arg>${rowOnTableError}</arg>
<arg>${valueColOnWoWChange}</arg>
<doc>Adds ``values`` to the end of ``list``.</doc>
<status status="NOT RUN" start="2025-06-13T16:22:19.696734" elapsed="0.000090"/>
</kw>
<kw name="Append To List" owner="Collections">
<arg>${rowOnTableError}</arg>
<arg>${EMPTY}</arg>
<doc>Adds ``values`` to the end of ``list``.</doc>
<status status="NOT RUN" start="2025-06-13T16:22:19.696990" elapsed="0.000089"/>
</kw>
<kw name="Append To List" owner="Collections">
<arg>${tableError}</arg>
<arg>${rowOnTableError}</arg>
<doc>Adds ``values`` to the end of ``list``.</doc>
<status status="NOT RUN" start="2025-06-13T16:22:19.697245" elapsed="0.000092"/>
</kw>
<status status="NOT RUN" start="2025-06-13T16:22:19.694549" elapsed="0.002887"/>
</branch>
<status status="PASS" start="2025-06-13T16:22:19.694522" elapsed="0.003010"/>
</if>
<var name="${rowIndex}">7</var>
<status status="PASS" start="2025-06-13T16:22:19.692857" elapsed="0.004708"/>
</iter>
<iter>
<kw name="Read Excel Cell" owner="ExcelLibrary">
<msg time="2025-06-13T16:22:19.698283" level="INFO">${oemGroupColOnWoWChange} = Total</msg>
<var>${oemGroupColOnWoWChange}</var>
<arg>row_num=${rowIndex}</arg>
<arg>col_num=${POS_OEM_GROUP_COL_ON_WOW_CHANGE}</arg>
<doc>Returns content of a cell.</doc>
<status status="PASS" start="2025-06-13T16:22:19.697978" elapsed="0.000415"/>
</kw>
<kw name="Read Excel Cell" owner="ExcelLibrary">
<msg time="2025-06-13T16:22:19.698860" level="INFO">${valueColOnWoWChange} = </msg>
<var>${valueColOnWoWChange}</var>
<arg>row_num=${rowIndex}</arg>
<arg>col_num=7</arg>
<doc>Returns content of a cell.</doc>
<status status="PASS" start="2025-06-13T16:22:19.698589" elapsed="0.000373"/>
</kw>
<if>
<branch type="IF" condition="'${valueColOnWoWChange}' != '${EMPTY}'">
<kw name="Set Variable" owner="BuiltIn">
<var>${result}</var>
<arg>${False}</arg>
<doc>Returns the given values which can then be assigned to a variables.</doc>
<status status="NOT RUN" start="2025-06-13T16:22:19.699849" elapsed="0.000099"/>
</kw>
<kw name="Create List" owner="BuiltIn">
<var>@{rowOnTableError}</var>
<doc>Returns a list containing given items.</doc>
<status status="NOT RUN" start="2025-06-13T16:22:19.700125" elapsed="0.000090"/>
</kw>
<kw name="Append To List" owner="Collections">
<arg>${rowOnTableError}</arg>
<arg>OEM East</arg>
<doc>Adds ``values`` to the end of ``list``.</doc>
<status status="NOT RUN" start="2025-06-13T16:22:19.700455" elapsed="0.000130"/>
</kw>
<kw name="Append To List" owner="Collections">
<arg>${rowOnTableError}</arg>
<arg>WoW Of Ships</arg>
<doc>Adds ``values`` to the end of ``list``.</doc>
<status status="NOT RUN" start="2025-06-13T16:22:19.700797" elapsed="0.000098"/>
</kw>
<kw name="Append To List" owner="Collections">
<arg>${rowOnTableError}</arg>
<arg>${oemGroupColOnWoWChange}</arg>
<doc>Adds ``values`` to the end of ``list``.</doc>
<status status="NOT RUN" start="2025-06-13T16:22:19.701077" elapsed="0.000120"/>
</kw>
<kw name="Append To List" owner="Collections">
<arg>${rowOnTableError}</arg>
<arg>${valueColOnWoWChange}</arg>
<doc>Adds ``values`` to the end of ``list``.</doc>
<status status="NOT RUN" start="2025-06-13T16:22:19.701416" elapsed="0.000094"/>
</kw>
<kw name="Append To List" owner="Collections">
<arg>${rowOnTableError}</arg>
<arg>${EMPTY}</arg>
<doc>Adds ``values`` to the end of ``list``.</doc>
<status status="NOT RUN" start="2025-06-13T16:22:19.701678" elapsed="0.000090"/>
</kw>
<kw name="Append To List" owner="Collections">
<arg>${tableError}</arg>
<arg>${rowOnTableError}</arg>
<doc>Adds ``values`` to the end of ``list``.</doc>
<status status="NOT RUN" start="2025-06-13T16:22:19.701936" elapsed="0.000089"/>
</kw>
<status status="NOT RUN" start="2025-06-13T16:22:19.699106" elapsed="0.003019"/>
</branch>
<status status="PASS" start="2025-06-13T16:22:19.699082" elapsed="0.003143"/>
</if>
<var name="${rowIndex}">8</var>
<status status="PASS" start="2025-06-13T16:22:19.697805" elapsed="0.004453"/>
</iter>
<var>${rowIndex}</var>
<value>${startRow}</value>
<value>${endRow}+3</value>
<status status="PASS" start="2025-06-13T16:22:19.637057" elapsed="0.065304"/>
</for>
<if>
<branch type="IF" condition="'${result}' == '${False}'">
<kw name="Create List" owner="BuiltIn">
<var>@{listNameOfColsForHeader}</var>
<doc>Returns a list containing given items.</doc>
<status status="NOT RUN" start="2025-06-13T16:22:19.703141" elapsed="0.000256"/>
</kw>
<kw name="Append To List" owner="Collections">
<arg>${listNameOfColsForHeader}</arg>
<arg>TABLE</arg>
<doc>Adds ``values`` to the end of ``list``.</doc>
<status status="NOT RUN" start="2025-06-13T16:22:19.703725" elapsed="0.000135"/>
</kw>
<kw name="Append To List" owner="Collections">
<arg>${listNameOfColsForHeader}</arg>
<arg>CHECK POINT</arg>
<doc>Adds ``values`` to the end of ``list``.</doc>
<status status="NOT RUN" start="2025-06-13T16:22:19.704097" elapsed="0.000115"/>
</kw>
<kw name="Append To List" owner="Collections">
<arg>${listNameOfColsForHeader}</arg>
<arg>OEM GROUP</arg>
<doc>Adds ``values`` to the end of ``list``.</doc>
<status status="NOT RUN" start="2025-06-13T16:22:19.704412" elapsed="0.000101"/>
</kw>
<kw name="Append To List" owner="Collections">
<arg>${listNameOfColsForHeader}</arg>
<arg>VALUE ON WOW CHANGE</arg>
<doc>Adds ``values`` to the end of ``list``.</doc>
<status status="NOT RUN" start="2025-06-13T16:22:19.704686" elapsed="0.000101"/>
</kw>
<kw name="Append To List" owner="Collections">
<arg>${listNameOfColsForHeader}</arg>
<arg>VALUE ON SG</arg>
<doc>Adds ``values`` to the end of ``list``.</doc>
<status status="NOT RUN" start="2025-06-13T16:22:19.704955" elapsed="0.000155"/>
</kw>
<kw name="Write Table To Excel" owner="CommonPage">
<arg>filePath=${WOW_CHANGE_RESULT_FILE_PATH}</arg>
<arg>listNameOfCols=${listNameOfColsForHeader}</arg>
<arg>table=${tableError}</arg>
<arg>hasHeader=${False}</arg>
<status status="NOT RUN" start="2025-06-13T16:22:19.705487" elapsed="0.000218"/>
</kw>
<kw name="Fail" owner="BuiltIn">
<arg>The WoW Of Ships data for the OEM East table is wrong</arg>
<doc>Fails the test with the given message and optionally alters its tags.</doc>
<status status="NOT RUN" start="2025-06-13T16:22:19.706263" elapsed="0.000380"/>
</kw>
<status status="NOT RUN" start="2025-06-13T16:22:19.702757" elapsed="0.004183"/>
</branch>
<status status="PASS" start="2025-06-13T16:22:19.702725" elapsed="0.004339"/>
</if>
<kw name="Close Current Excel Document" owner="ExcelLibrary">
<doc>Closes current document.</doc>
<status status="PASS" start="2025-06-13T16:22:19.708000" elapsed="0.000333"/>
</kw>
<doc>Verify the data of WoW(WoW of Ships column) column for the OEM East table</doc>
<tag>WoWChange_0006</tag>
<status status="PASS" start="2025-06-13T16:22:19.301207" elapsed="0.407736"/>
</test>
<status status="PASS" start="2025-06-13T16:22:17.516047" elapsed="2.194647"/>
</suite>
<statistics>
<total>
<stat pass="1" fail="0" skip="0">All Tests</stat>
</total>
<tag>
<stat pass="1" fail="0" skip="0">WoWChange_0006</stat>
</tag>
<suite>
<stat name="WoWChangeOfNextQuarter" id="s1" pass="1" fail="0" skip="0">WoWChangeOfNextQuarter</stat>
</suite>
</statistics>
<errors>
<msg time="2025-06-13T16:22:17.567948" level="WARN">Error in file 'd:\projects\QANSScript\QANS\Pages\Reports\WoWChangePage.robot' on line 71: The '[Return]' setting is deprecated. Use the 'RETURN' statement instead.</msg>
<msg time="2025-06-13T16:22:17.571474" level="WARN">Error in file 'd:\projects\QANSScript\QANS\Pages\Reports\WoWChangePage.robot' on line 257: The '[Return]' setting is deprecated. Use the 'RETURN' statement instead.</msg>
<msg time="2025-06-13T16:22:17.574957" level="WARN">Error in file 'd:\projects\QANSScript\QANS\Pages\Reports\WoWChangePage.robot' on line 440: The '[Return]' setting is deprecated. Use the 'RETURN' statement instead.</msg>
<msg time="2025-06-13T16:22:17.575933" level="WARN">Error in file 'd:\projects\QANSScript\QANS\Pages\Reports\WoWChangePage.robot' on line 450: The '[Return]' setting is deprecated. Use the 'RETURN' statement instead.</msg>
<msg time="2025-06-13T16:22:17.577065" level="WARN">Error in file 'd:\projects\QANSScript\QANS\Pages\Reports\WoWChangePage.robot' on line 471: The '[Return]' setting is deprecated. Use the 'RETURN' statement instead.</msg>
<msg time="2025-06-13T16:22:17.578075" level="WARN">Error in file 'd:\projects\QANSScript\QANS\Pages\Reports\WoWChangePage.robot' on line 504: The '[Return]' setting is deprecated. Use the 'RETURN' statement instead.</msg>
<msg time="2025-06-13T16:22:17.579385" level="WARN">Error in file 'd:\projects\QANSScript\QANS\Pages\Reports\WoWChangePage.robot' on line 605: The '[Return]' setting is deprecated. Use the 'RETURN' statement instead.</msg>
<msg time="2025-06-13T16:22:17.580102" level="WARN">Error in file 'd:\projects\QANSScript\QANS\Pages\Reports\WoWChangePage.robot' on line 614: The '[Return]' setting is deprecated. Use the 'RETURN' statement instead.</msg>
<msg time="2025-06-13T16:22:17.580868" level="WARN">Error in file 'd:\projects\QANSScript\QANS\Pages\Reports\WoWChangePage.robot' on line 624: The '[Return]' setting is deprecated. Use the 'RETURN' statement instead.</msg>
<msg time="2025-06-13T16:22:17.581882" level="WARN">Error in file 'd:\projects\QANSScript\QANS\Pages\Reports\WoWChangePage.robot' on line 639: The '[Return]' setting is deprecated. Use the 'RETURN' statement instead.</msg>
<msg time="2025-06-13T16:22:17.582546" level="WARN">Error in file 'd:\projects\QANSScript\QANS\Pages\Reports\WoWChangePage.robot' on line 650: The '[Return]' setting is deprecated. Use the 'RETURN' statement instead.</msg>
<msg time="2025-06-13T16:22:17.590067" level="WARN">Error in file 'd:\projects\QANSScript\QANS\Pages\CommonPage.robot' on line 132: The '[Return]' setting is deprecated. Use the 'RETURN' statement instead.</msg>
<msg time="2025-06-13T16:22:19.166050" level="WARN">Error in file 'd:\projects\QANSScript\QANS\Pages\UtilityPage.robot' on line 16: The '[Return]' setting is deprecated. Use the 'RETURN' statement instead.</msg>
<msg time="2025-06-13T16:22:19.195744" level="WARN">Error in file 'd:\projects\QANSScript\QANS\Pages\Reports\SGPage.robot' on line 281: The '[Return]' setting is deprecated. Use the 'RETURN' statement instead.</msg>
<msg time="2025-06-13T16:22:19.197524" level="WARN">Error in file 'd:\projects\QANSScript\QANS\Pages\Reports\SGPage.robot' on line 349: The '[Return]' setting is deprecated. Use the 'RETURN' statement instead.</msg>
<msg time="2025-06-13T16:22:19.198492" level="WARN">Error in file 'd:\projects\QANSScript\QANS\Pages\Reports\SGPage.robot' on line 363: The '[Return]' setting is deprecated. Use the 'RETURN' statement instead.</msg>
<msg time="2025-06-13T16:22:19.270137" level="WARN">Error in file 'd:\projects\QANSScript\QANS\Pages\NS\SaveSearchPage.robot' on line 50: The '[Return]' setting is deprecated. Use the 'RETURN' statement instead.</msg>
<msg time="2025-06-13T16:22:19.271949" level="WARN">Error in file 'd:\projects\QANSScript\QANS\Pages\NS\SaveSearchPage.robot' on line 61: The '[Return]' setting is deprecated. Use the 'RETURN' statement instead.</msg>
<msg time="2025-06-13T16:22:19.273912" level="WARN">Error in file 'd:\projects\QANSScript\QANS\Pages\NS\SaveSearchPage.robot' on line 114: The '[Return]' setting is deprecated. Use the 'RETURN' statement instead.</msg>
<msg time="2025-06-13T16:22:19.274992" level="WARN">Error in file 'd:\projects\QANSScript\QANS\Pages\NS\SaveSearchPage.robot' on line 146: The '[Return]' setting is deprecated. Use the 'RETURN' statement instead.</msg>
<msg time="2025-06-13T16:22:19.276272" level="WARN">Error in file 'd:\projects\QANSScript\QANS\Pages\NS\SaveSearchPage.robot' on line 198: The '[Return]' setting is deprecated. Use the 'RETURN' statement instead.</msg>
<msg time="2025-06-13T16:22:19.277624" level="WARN">Error in file 'd:\projects\QANSScript\QANS\Pages\NS\SaveSearchPage.robot' on line 238: The '[Return]' setting is deprecated. Use the 'RETURN' statement instead.</msg>
<msg time="2025-06-13T16:22:19.278452" level="WARN">Error in file 'd:\projects\QANSScript\QANS\Pages\NS\SaveSearchPage.robot' on line 249: The '[Return]' setting is deprecated. Use the 'RETURN' statement instead.</msg>
<msg time="2025-06-13T16:22:19.303656" level="WARN">Dependency not met: test case 'Verify Ships for the OEM East table' not found.</msg>
</errors>
</robot>
